0 0
gpu devices:  [0, 1]
feat dim:  (1569960, 200)
label dim:  (1569960, 107)
[0. 0.]
change_num:  1
[array([], dtype=int64), array([], dtype=int64)]
shared object created
Rank 1/2 process initialized.
Namespace(alpha=0.0, batch_size=2048, buffer_size=0, cuda='0,1', dataset='amazon', epoch_num=4, global_permutation=True, model='gcn', nhid=512, orders='1,1,1', pool_num=4, samp_num=4096, sampler='subgraph', scale_factor=1, sigmoid_loss=True, test=False)
num batch per epoch:  613
Rank 2/2 process initialized.
num parameters:  686187
Epoch: 0 (0.00s)(0.00s)(2.48s)(0.00s)(8.78s) Train Loss: 8.28    Valid Loss: 6.22 Valid F1: 0.261
Epoch: 1 (0.00s)(0.00s)(4.00s)(0.00s)(18.78s) Train Loss: 5.19    Valid Loss: 4.02 Valid F1: 0.495
Epoch: 2 (0.00s)(0.00s)(4.68s)(0.00s)(29.54s) Train Loss: 3.89    Valid Loss: 3.50 Valid F1: 0.597
num parameters:  686187
Epoch: 3 (0.00s)(0.00s)(5.41s)(0.00s)(40.59s) Train Loss: 3.43    Valid Loss: 3.16 Valid F1: 0.644
0 1
gpu devices:  [0, 1]
feat dim:  (1569960, 200)
label dim:  (1569960, 107)
[0. 0.]
change_num:  1
[array([], dtype=int64), array([], dtype=int64)]
shared object created
Rank 1/2 process initialized.
Namespace(alpha=1.0, batch_size=2048, buffer_size=0, cuda='0,1', dataset='amazon', epoch_num=4, global_permutation=True, model='gcn', nhid=512, orders='1,1,1', pool_num=4, samp_num=4096, sampler='subgraph', scale_factor=1, sigmoid_loss=True, test=False)
num batch per epoch:  613
Rank 2/2 process initialized.
num parameters:  686187
Epoch: 0 (0.00s)(0.00s)(0.70s)(0.00s)(7.80s) Train Loss: 8.28    Valid Loss: 6.20 Valid F1: 0.265
Epoch: 1 (0.00s)(0.00s)(1.44s)(0.00s)(13.33s) Train Loss: 5.19    Valid Loss: 4.11 Valid F1: 0.495
Epoch: 2 (0.00s)(0.00s)(2.14s)(0.00s)(18.84s) Train Loss: 3.92    Valid Loss: 3.57 Valid F1: 0.591
num parameters:  686187
Epoch: 3 (0.00s)(0.00s)(3.02s)(0.00s)(24.75s) Train Loss: 3.45    Valid Loss: 3.24 Valid F1: 0.640
0 0.2
gpu devices:  [0, 1]
feat dim:  (1569960, 200)
label dim:  (1569960, 107)
[0. 0.]
change_num:  1
[array([], dtype=int64), array([], dtype=int64)]
shared object created
Rank 1/2 process initialized.
Namespace(alpha=0.2, batch_size=2048, buffer_size=0, cuda='0,1', dataset='amazon', epoch_num=4, global_permutation=True, model='gcn', nhid=512, orders='1,1,1', pool_num=4, samp_num=4096, sampler='subgraph', scale_factor=1, sigmoid_loss=True, test=False)
num batch per epoch:  613
Rank 2/2 process initialized.
num parameters:  686187
Epoch: 0 (0.00s)(0.00s)(0.77s)(0.00s)(9.40s) Train Loss: 8.26    Valid Loss: 6.21 Valid F1: 0.263
Epoch: 1 (0.00s)(0.00s)(1.55s)(0.00s)(17.45s) Train Loss: 5.20    Valid Loss: 4.10 Valid F1: 0.499
Epoch: 2 (0.00s)(0.00s)(2.29s)(0.00s)(26.33s) Train Loss: 3.90    Valid Loss: 3.54 Valid F1: 0.599
num parameters:  686187
Epoch: 3 (0.00s)(0.00s)(3.12s)(0.00s)(34.92s) Train Loss: 3.43    Valid Loss: 3.21 Valid F1: 0.632
0 0.8
gpu devices:  [0, 1]
feat dim:  (1569960, 200)
label dim:  (1569960, 107)
[0. 0.]
change_num:  1
[array([], dtype=int64), array([], dtype=int64)]
shared object created
Rank 1/2 process initialized.
Namespace(alpha=0.8, batch_size=2048, buffer_size=0, cuda='0,1', dataset='amazon', epoch_num=4, global_permutation=True, model='gcn', nhid=512, orders='1,1,1', pool_num=4, samp_num=4096, sampler='subgraph', scale_factor=1, sigmoid_loss=True, test=False)
num batch per epoch:  613
Rank 2/2 process initialized.
num parameters:  686187
Epoch: 0 (0.00s)(0.00s)(0.91s)(0.00s)(10.15s) Train Loss: 8.22    Valid Loss: 6.05 Valid F1: 0.262
Epoch: 1 (0.00s)(0.00s)(1.67s)(0.00s)(18.44s) Train Loss: 5.06    Valid Loss: 3.98 Valid F1: 0.513
Epoch: 2 (0.00s)(0.00s)(2.35s)(0.00s)(28.85s) Train Loss: 3.86    Valid Loss: 3.57 Valid F1: 0.598
num parameters:  686187
Epoch: 3 (0.00s)(0.00s)(3.09s)(0.00s)(38.37s) Train Loss: 3.42    Valid Loss: 3.16 Valid F1: 0.641
0 0.4
gpu devices:  [0, 1]
feat dim:  (1569960, 200)
label dim:  (1569960, 107)
[0. 0.]
change_num:  1
[array([], dtype=int64), array([], dtype=int64)]
shared object created
Rank 1/2 process initialized.
Namespace(alpha=0.4, batch_size=2048, buffer_size=0, cuda='0,1', dataset='amazon', epoch_num=4, global_permutation=True, model='gcn', nhid=512, orders='1,1,1', pool_num=4, samp_num=4096, sampler='subgraph', scale_factor=1, sigmoid_loss=True, test=False)
num batch per epoch:  613
Rank 2/2 process initialized.
num parameters:  686187
Epoch: 0 (0.00s)(0.00s)(2.04s)(0.00s)(10.71s) Train Loss: 8.32    Valid Loss: 6.24 Valid F1: 0.271
Epoch: 1 (0.00s)(0.00s)(3.23s)(0.00s)(16.26s) Train Loss: 5.22    Valid Loss: 4.11 Valid F1: 0.489
Epoch: 2 (0.00s)(0.00s)(4.07s)(0.00s)(21.95s) Train Loss: 3.90    Valid Loss: 3.52 Valid F1: 0.589
num parameters:  686187
Epoch: 3 (0.00s)(0.00s)(5.03s)(0.00s)(27.54s) Train Loss: 3.43    Valid Loss: 3.16 Valid F1: 0.640
0 0.6
gpu devices:  [0, 1]
feat dim:  (1569960, 200)
label dim:  (1569960, 107)
[0. 0.]
change_num:  1
[array([], dtype=int64), array([], dtype=int64)]
shared object created
Rank 1/2 process initialized.
Namespace(alpha=0.6, batch_size=2048, buffer_size=0, cuda='0,1', dataset='amazon', epoch_num=4, global_permutation=True, model='gcn', nhid=512, orders='1,1,1', pool_num=4, samp_num=4096, sampler='subgraph', scale_factor=1, sigmoid_loss=True, test=False)
num batch per epoch:  613
Rank 2/2 process initialized.
num parameters:  686187
Epoch: 0 (0.00s)(0.00s)(0.82s)(0.00s)(8.08s) Train Loss: 8.31    Valid Loss: 6.18 Valid F1: 0.268
Epoch: 1 (0.00s)(0.00s)(1.48s)(0.00s)(15.80s) Train Loss: 5.17    Valid Loss: 4.09 Valid F1: 0.490
Epoch: 2 (0.00s)(0.00s)(2.17s)(0.00s)(24.14s) Train Loss: 3.91    Valid Loss: 3.63 Valid F1: 0.584
num parameters:  686187
Epoch: 3 (0.00s)(0.00s)(2.87s)(0.00s)(31.99s) Train Loss: 3.44    Valid Loss: 3.20 Valid F1: 0.638
320000 0
gpu devices:  [0, 1]
feat dim:  (1569960, 200)
label dim:  (1569960, 107)
[149091.30034061 149091.30034149]
change_num:  319999
[array([ 711871, 1171208, 1509813, ..., 1409902, 1429646, 1409884]), array([ 860435, 1252074,  871355, ..., 1409881, 1409901, 1409948])]
shared object created
Rank 1/2 process initialized.
Rank 2/2 process initialized.
Namespace(alpha=0.0, batch_size=2048, buffer_size=320000, cuda='0,1', dataset='amazon', epoch_num=4, global_permutation=True, model='gcn', nhid=512, orders='1,1,1', pool_num=4, samp_num=4096, sampler='subgraph', scale_factor=1, sigmoid_loss=True, test=False)
num batch per epoch:  613
num parameters:  686187
Epoch: 0 (0.00s)(0.00s)(1.48s)(0.00s)(9.83s) Train Loss: 8.18    Valid Loss: 6.08 Valid F1: 0.271
Epoch: 1 (0.00s)(0.00s)(3.95s)(0.00s)(17.94s) Train Loss: 5.10    Valid Loss: 4.02 Valid F1: 0.509
Epoch: 2 (0.00s)(0.00s)(5.59s)(0.00s)(28.49s) Train Loss: 3.93    Valid Loss: 3.56 Valid F1: 0.593
num parameters:  686187
Epoch: 3 (0.00s)(0.00s)(7.55s)(0.00s)(38.53s) Train Loss: 3.48    Valid Loss: 3.25 Valid F1: 0.633
320000 1
gpu devices:  [0, 1]
feat dim:  (1569960, 200)
label dim:  (1569960, 107)
[0. 0.]
change_num:  0
[array([ 711871, 1252074,  871355, ..., 1409881, 1429646, 1409948]), array([ 711871, 1252074,  871355, ..., 1409881, 1429646, 1409948])]
shared object created
Rank 2/2 process initialized.
Rank 1/2 process initialized.
Namespace(alpha=1.0, batch_size=2048, buffer_size=320000, cuda='0,1', dataset='amazon', epoch_num=4, global_permutation=True, model='gcn', nhid=512, orders='1,1,1', pool_num=4, samp_num=4096, sampler='subgraph', scale_factor=1, sigmoid_loss=True, test=False)
num batch per epoch:  613
num parameters:  686187
Epoch: 0 (0.00s)(0.00s)(0.42s)(0.00s)(11.28s) Train Loss: 8.30    Valid Loss: 6.21 Valid F1: 0.264
Epoch: 1 (0.00s)(0.00s)(0.82s)(0.00s)(20.61s) Train Loss: 5.13    Valid Loss: 3.93 Valid F1: 0.522
Epoch: 2 (0.00s)(0.00s)(1.26s)(0.00s)(30.78s) Train Loss: 3.85    Valid Loss: 3.50 Valid F1: 0.604
num parameters:  686187
Epoch: 3 (0.00s)(0.00s)(1.69s)(0.00s)(40.37s) Train Loss: 3.41    Valid Loss: 3.17 Valid F1: 0.639
320000 0.2
gpu devices:  [0, 1]
feat dim:  (1569960, 200)
label dim:  (1569960, 107)
[136269.23133294 136269.95909313]
change_num:  282301
[array([ 711871, 1252074,  871355, ..., 1409902, 1429646, 1409884]), array([ 711871, 1252074,  871355, ..., 1409881, 1409901, 1409948])]
shared object created
Rank 1/2 process initialized.
Namespace(alpha=0.2, batch_size=2048, buffer_size=320000, cuda='0,1', dataset='amazon', epoch_num=4, global_permutation=True, model='gcn', nhid=512, orders='1,1,1', pool_num=4, samp_num=4096, sampler='subgraph', scale_factor=1, sigmoid_loss=True, test=False)
num batch per epoch:  613
Rank 2/2 process initialized.
num parameters:  686187
Epoch: 0 (0.00s)(0.00s)(1.49s)(0.00s)(12.41s) Train Loss: 8.31    Valid Loss: 6.15 Valid F1: 0.266
Epoch: 1 (0.00s)(0.00s)(2.25s)(0.00s)(17.99s) Train Loss: 5.11    Valid Loss: 4.00 Valid F1: 0.511
Epoch: 2 (0.00s)(0.00s)(3.00s)(0.00s)(23.39s) Train Loss: 3.91    Valid Loss: 3.52 Valid F1: 0.596
num parameters:  686187
Epoch: 3 (0.00s)(0.00s)(3.77s)(0.00s)(28.93s) Train Loss: 3.46    Valid Loss: 3.25 Valid F1: 0.631
320000 0.8
gpu devices:  [0, 1]
feat dim:  (1569960, 200)
label dim:  (1569960, 107)
[102311. 102310.]
change_num:  204621
[array([ 711871, 1252074,  871355, ..., 1409902, 1429646, 1409884]), array([ 711871, 1252074,  871355, ..., 1409881, 1409901, 1409948])]
shared object created
Rank 1/2 process initialized.
Namespace(alpha=0.8, batch_size=2048, buffer_size=320000, cuda='0,1', dataset='amazon', epoch_num=4, global_permutation=True, model='gcn', nhid=512, orders='1,1,1', pool_num=4, samp_num=4096, sampler='subgraph', scale_factor=1, sigmoid_loss=True, test=False)
num batch per epoch:  613
Rank 2/2 process initialized.
num parameters:  686187
Epoch: 0 (0.00s)(0.00s)(1.71s)(0.00s)(9.34s) Train Loss: 8.31    Valid Loss: 6.27 Valid F1: 0.270
Epoch: 1 (0.00s)(0.00s)(2.28s)(0.00s)(20.28s) Train Loss: 5.31    Valid Loss: 4.13 Valid F1: 0.491
Epoch: 2 (0.00s)(0.00s)(2.88s)(0.00s)(29.23s) Train Loss: 3.95    Valid Loss: 3.59 Valid F1: 0.582
num parameters:  686187
Epoch: 3 (0.00s)(0.00s)(3.45s)(0.00s)(38.56s) Train Loss: 3.48    Valid Loss: 3.22 Valid F1: 0.638
320000 0.4
gpu devices:  [0, 1]
feat dim:  (1569960, 200)
label dim:  (1569960, 107)
[123666.92665993 123666.09321117]
change_num:  250093
[array([ 711871, 1252074,  871355, ..., 1409902, 1429646, 1409884]), array([ 711871, 1252074,  871355, ..., 1409881, 1409901, 1409948])]
shared object created
Rank 1/2 process initialized.
Rank 2/2 process initialized.
Namespace(alpha=0.4, batch_size=2048, buffer_size=320000, cuda='0,1', dataset='amazon', epoch_num=4, global_permutation=True, model='gcn', nhid=512, orders='1,1,1', pool_num=4, samp_num=4096, sampler='subgraph', scale_factor=1, sigmoid_loss=True, test=False)
num batch per epoch:  613
num parameters:  686187
Epoch: 0 (0.00s)(0.00s)(0.93s)(0.00s)(6.58s) Train Loss: 8.25    Valid Loss: 6.17 Valid F1: 0.263
Epoch: 1 (0.00s)(0.00s)(1.94s)(0.00s)(12.21s) Train Loss: 5.21    Valid Loss: 4.04 Valid F1: 0.507
Epoch: 2 (0.00s)(0.00s)(2.90s)(0.00s)(17.61s) Train Loss: 3.96    Valid Loss: 3.58 Valid F1: 0.593
num parameters:  686187
Epoch: 3 (0.00s)(0.00s)(3.73s)(0.00s)(23.46s) Train Loss: 3.49    Valid Loss: 3.19 Valid F1: 0.635
320000 0.6
gpu devices:  [0, 1]
feat dim:  (1569960, 200)
label dim:  (1569960, 107)
[113673.14164246 113674.08764228]
change_num:  227565
[array([ 711871, 1252074,  871355, ..., 1409902, 1429646, 1409884]), array([ 711871, 1252074,  871355, ..., 1409881, 1409901, 1409948])]
shared object created
Rank 1/2 process initialized.
Rank 2/2 process initialized.
Namespace(alpha=0.6, batch_size=2048, buffer_size=320000, cuda='0,1', dataset='amazon', epoch_num=4, global_permutation=True, model='gcn', nhid=512, orders='1,1,1', pool_num=4, samp_num=4096, sampler='subgraph', scale_factor=1, sigmoid_loss=True, test=False)
num batch per epoch:  613
num parameters:  686187
Epoch: 0 (0.00s)(0.00s)(2.10s)(0.00s)(9.54s) Train Loss: 8.38    Valid Loss: 6.41 Valid F1: 0.271
Epoch: 1 (0.00s)(0.00s)(3.33s)(0.00s)(23.11s) Train Loss: 5.39    Valid Loss: 4.18 Valid F1: 0.481
Epoch: 2 (0.00s)(0.00s)(4.07s)(0.00s)(31.52s) Train Loss: 4.01    Valid Loss: 3.60 Valid F1: 0.583
num parameters:  686187
Epoch: 3 (0.00s)(0.00s)(4.90s)(0.00s)(37.56s) Train Loss: 3.50    Valid Loss: 3.22 Valid F1: 0.636
640000 0
gpu devices:  [0, 1]
feat dim:  (1569960, 200)
label dim:  (1569960, 107)
[106424.34297279 106424.34297238]
change_num:  639999
[array([ 711871, 1306514,  871355, ..., 1509813, 1171208, 1021757]), array([ 548287, 1252074,  417816, ..., 1148220,  168727,  860435])]
shared object created
Rank 1/2 process initialized.
Rank 2/2 process initialized.
Namespace(alpha=0.0, batch_size=2048, buffer_size=640000, cuda='0,1', dataset='amazon', epoch_num=4, global_permutation=True, model='gcn', nhid=512, orders='1,1,1', pool_num=4, samp_num=4096, sampler='subgraph', scale_factor=1, sigmoid_loss=True, test=False)
num batch per epoch:  613
num parameters:  686187
Epoch: 0 (0.00s)(0.00s)(0.50s)(0.00s)(9.77s) Train Loss: 8.42    Valid Loss: 6.44 Valid F1: 0.259
Epoch: 1 (0.00s)(0.00s)(0.96s)(0.00s)(18.94s) Train Loss: 5.83    Valid Loss: 4.41 Valid F1: 0.438
Epoch: 2 (0.00s)(0.00s)(1.46s)(0.00s)(28.68s) Train Loss: 4.71    Valid Loss: 3.80 Valid F1: 0.546
num parameters:  686187
Epoch: 3 (0.00s)(0.00s)(1.91s)(0.00s)(37.42s) Train Loss: 4.28    Valid Loss: 3.41 Valid F1: 0.602
640000 1
gpu devices:  [0, 1]
feat dim:  (1569960, 200)
label dim:  (1569960, 107)
[0. 0.]
change_num:  0
[array([ 711871, 1252074,  871355, ..., 1509813, 1171208,  860435]), array([ 711871, 1252074,  871355, ..., 1509813, 1171208,  860435])]
shared object created
Rank 1/2 process initialized.
Namespace(alpha=1.0, batch_size=2048, buffer_size=640000, cuda='0,1', dataset='amazon', epoch_num=4, global_permutation=True, model='gcn', nhid=512, orders='1,1,1', pool_num=4, samp_num=4096, sampler='subgraph', scale_factor=1, sigmoid_loss=True, test=False)
num batch per epoch:  613
Rank 2/2 process initialized.
num parameters:  686187
Epoch: 0 (0.00s)(0.00s)(1.66s)(0.00s)(8.70s) Train Loss: 8.23    Valid Loss: 6.13 Valid F1: 0.261
Epoch: 1 (0.00s)(0.00s)(3.64s)(0.00s)(16.68s) Train Loss: 5.09    Valid Loss: 3.98 Valid F1: 0.505
Epoch: 2 (0.00s)(0.00s)(4.36s)(0.00s)(29.10s) Train Loss: 3.86    Valid Loss: 3.51 Valid F1: 0.596
num parameters:  686187
Epoch: 3 (0.00s)(0.00s)(4.87s)(0.00s)(40.06s) Train Loss: 3.41    Valid Loss: 3.19 Valid F1: 0.638
640000 0.2
gpu devices:  [0, 1]
feat dim:  (1569960, 200)
label dim:  (1569960, 107)
[94989.42594983 94989.22594798]
change_num:  494859
[array([ 711871, 1252074,  871355, ..., 1509813, 1171208, 1021757]), array([ 711871, 1252074,  871355, ..., 1148220,  168727,  860435])]
shared object created
Rank 1/2 process initialized.
Namespace(alpha=0.2, batch_size=2048, buffer_size=640000, cuda='0,1', dataset='amazon', epoch_num=4, global_permutation=True, model='gcn', nhid=512, orders='1,1,1', pool_num=4, samp_num=4096, sampler='subgraph', scale_factor=1, sigmoid_loss=True, test=False)
num batch per epoch:  613
Rank 2/2 process initialized.
num parameters:  686187
Epoch: 0 (0.00s)(0.00s)(1.23s)(0.00s)(12.33s) Train Loss: 8.35    Valid Loss: 6.27 Valid F1: 0.259
Epoch: 1 (0.00s)(0.00s)(3.84s)(0.00s)(20.09s) Train Loss: 5.66    Valid Loss: 4.29 Valid F1: 0.452
Epoch: 2 (0.00s)(0.00s)(5.10s)(0.00s)(30.14s) Train Loss: 4.64    Valid Loss: 3.78 Valid F1: 0.555
num parameters:  686187
Epoch: 3 (0.00s)(0.00s)(5.91s)(0.00s)(35.70s) Train Loss: 4.23    Valid Loss: 3.36 Valid F1: 0.618
640000 0.8
gpu devices:  [0, 1]
feat dim:  (1569960, 200)
label dim:  (1569960, 107)
[9177.72436291 9177.72436185]
change_num:  30614
[array([ 711871, 1252074,  871355, ..., 1509813, 1171208, 1021757]), array([ 711871, 1252074,  871355, ..., 1148220,  168727,  860435])]
shared object created
Rank 1/2 process initialized.
Namespace(alpha=0.8, batch_size=2048, buffer_size=640000, cuda='0,1', dataset='amazon', epoch_num=4, global_permutation=True, model='gcn', nhid=512, orders='1,1,1', pool_num=4, samp_num=4096, sampler='subgraph', scale_factor=1, sigmoid_loss=True, test=False)
num batch per epoch:  613
Rank 2/2 process initialized.
num parameters:  686187
Epoch: 0 (0.00s)(0.00s)(1.55s)(0.00s)(8.78s) Train Loss: 8.29    Valid Loss: 6.15 Valid F1: 0.260
Epoch: 1 (0.00s)(0.00s)(2.09s)(0.00s)(18.47s) Train Loss: 5.13    Valid Loss: 4.02 Valid F1: 0.502
Epoch: 2 (0.00s)(0.00s)(2.67s)(0.00s)(28.93s) Train Loss: 3.89    Valid Loss: 3.56 Valid F1: 0.594
num parameters:  686187
Epoch: 3 (0.00s)(0.00s)(3.24s)(0.00s)(37.63s) Train Loss: 3.45    Valid Loss: 3.18 Valid F1: 0.638
640000 0.4
gpu devices:  [0, 1]
feat dim:  (1569960, 200)
label dim:  (1569960, 107)
[60400.23397427 60400.23397675]
change_num:  251102
[array([ 711871, 1252074,  871355, ..., 1509813, 1171208, 1021757]), array([ 711871, 1252074,  871355, ..., 1148220,  168727,  860435])]
shared object created
Rank 1/2 process initialized.
Rank 2/2 process initialized.
Namespace(alpha=0.4, batch_size=2048, buffer_size=640000, cuda='0,1', dataset='amazon', epoch_num=4, global_permutation=True, model='gcn', nhid=512, orders='1,1,1', pool_num=4, samp_num=4096, sampler='subgraph', scale_factor=1, sigmoid_loss=True, test=False)
num batch per epoch:  613
num parameters:  686187
Epoch: 0 (0.00s)(0.00s)(2.09s)(0.00s)(11.85s) Train Loss: 8.34    Valid Loss: 6.28 Valid F1: 0.259
Epoch: 1 (0.00s)(0.00s)(3.29s)(0.00s)(18.25s) Train Loss: 5.50    Valid Loss: 4.20 Valid F1: 0.457
Epoch: 2 (0.00s)(0.00s)(3.84s)(0.00s)(25.79s) Train Loss: 4.36    Valid Loss: 3.64 Valid F1: 0.571
num parameters:  686187
Epoch: 3 (0.00s)(0.00s)(4.50s)(0.00s)(32.81s) Train Loss: 3.93    Valid Loss: 3.23 Valid F1: 0.626
640000 0.6
gpu devices:  [0, 1]
feat dim:  (1569960, 200)
label dim:  (1569960, 107)
[20623.96151678 20623.45272942]
change_num:  73141
[array([ 711871, 1252074,  871355, ..., 1509813, 1171208, 1021757]), array([ 711871, 1252074,  871355, ..., 1148220,  168727,  860435])]
shared object created
Rank 1/2 process initialized.
Rank 2/2 process initialized.
Namespace(alpha=0.6, batch_size=2048, buffer_size=640000, cuda='0,1', dataset='amazon', epoch_num=4, global_permutation=True, model='gcn', nhid=512, orders='1,1,1', pool_num=4, samp_num=4096, sampler='subgraph', scale_factor=1, sigmoid_loss=True, test=False)
num batch per epoch:  613
num parameters:  686187
Epoch: 0 (0.00s)(0.00s)(1.15s)(0.00s)(12.25s) Train Loss: 8.27    Valid Loss: 6.20 Valid F1: 0.263
Epoch: 1 (0.00s)(0.00s)(1.58s)(0.00s)(23.89s) Train Loss: 5.22    Valid Loss: 4.08 Valid F1: 0.500
Epoch: 2 (0.00s)(0.00s)(2.04s)(0.00s)(37.13s) Train Loss: 3.98    Valid Loss: 3.60 Valid F1: 0.583
num parameters:  686187
Epoch: 3 (0.00s)(0.00s)(2.47s)(0.00s)(49.43s) Train Loss: 3.53    Valid Loss: 3.20 Valid F1: 0.635
960000 0
gpu devices:  [0, 1]
feat dim:  (1569960, 200)
label dim:  (1569960, 107)
[39904.30147424 39904.30159373]
change_num:  512403
[array([ 711871, 1252074,  871355, ..., 1237873,  683432,  920332]), array([ 711871, 1252074,  871355, ..., 1440148, 1358960,   64896])]
shared object created
Rank 1/2 process initialized.
Rank 2/2 process initialized.
Namespace(alpha=0.0, batch_size=2048, buffer_size=960000, cuda='0,1', dataset='amazon', epoch_num=4, global_permutation=True, model='gcn', nhid=512, orders='1,1,1', pool_num=4, samp_num=4096, sampler='subgraph', scale_factor=1, sigmoid_loss=True, test=False)
num batch per epoch:  613
num parameters:  686187
Epoch: 0 (0.00s)(0.00s)(0.22s)(0.00s)(9.75s) Train Loss: 8.33    Valid Loss: 6.16 Valid F1: 0.270
Epoch: 1 (0.00s)(0.00s)(0.54s)(0.00s)(17.88s) Train Loss: 5.50    Valid Loss: 4.28 Valid F1: 0.475
Epoch: 2 (0.00s)(0.00s)(0.91s)(0.00s)(23.94s) Train Loss: 4.57    Valid Loss: 3.74 Valid F1: 0.571
num parameters:  686187
Epoch: 3 (0.00s)(0.00s)(1.25s)(0.00s)(28.86s) Train Loss: 4.22    Valid Loss: 3.45 Valid F1: 0.611
960000 1
gpu devices:  [0, 1]
feat dim:  (1569960, 200)
label dim:  (1569960, 107)
[0. 0.]
change_num:  0
[array([ 711871, 1252074,  871355, ..., 1237873,  683432,   64896]), array([ 711871, 1252074,  871355, ..., 1237873,  683432,   64896])]
shared object created
Rank 1/2 process initialized.
Namespace(alpha=1.0, batch_size=2048, buffer_size=960000, cuda='0,1', dataset='amazon', epoch_num=4, global_permutation=True, model='gcn', nhid=512, orders='1,1,1', pool_num=4, samp_num=4096, sampler='subgraph', scale_factor=1, sigmoid_loss=True, test=False)
num batch per epoch:  613
Rank 2/2 process initialized.
num parameters:  686187
Epoch: 0 (0.00s)(0.00s)(0.48s)(0.00s)(13.33s) Train Loss: 8.19    Valid Loss: 5.99 Valid F1: 0.265
Epoch: 1 (0.00s)(0.00s)(0.91s)(0.00s)(24.15s) Train Loss: 4.96    Valid Loss: 3.85 Valid F1: 0.539
Epoch: 2 (0.00s)(0.00s)(1.34s)(0.00s)(33.89s) Train Loss: 3.79    Valid Loss: 3.50 Valid F1: 0.601
num parameters:  686187
Epoch: 3 (0.00s)(0.00s)(1.75s)(0.00s)(46.27s) Train Loss: 3.39    Valid Loss: 3.08 Valid F1: 0.650
960000 0.2
gpu devices:  [0, 1]
feat dim:  (1569960, 200)
label dim:  (1569960, 107)
[33308.02503658 33307.90146842]
change_num:  313521
[array([ 711871, 1252074,  871355, ..., 1237873,  683432,  920332]), array([ 711871, 1252074,  871355, ..., 1440148, 1358960,   64896])]
shared object created
Rank 1/2 process initialized.
Namespace(alpha=0.2, batch_size=2048, buffer_size=960000, cuda='0,1', dataset='amazon', epoch_num=4, global_permutation=True, model='gcn', nhid=512, orders='1,1,1', pool_num=4, samp_num=4096, sampler='subgraph', scale_factor=1, sigmoid_loss=True, test=False)
num batch per epoch:  613
Rank 2/2 process initialized.
num parameters:  686187
Epoch: 0 (0.00s)(0.00s)(2.39s)(0.00s)(13.14s) Train Loss: 8.35    Valid Loss: 6.31 Valid F1: 0.257
Epoch: 1 (0.00s)(0.00s)(4.01s)(0.00s)(20.25s) Train Loss: 5.50    Valid Loss: 4.30 Valid F1: 0.458
Epoch: 2 (0.00s)(0.00s)(4.82s)(0.00s)(25.68s) Train Loss: 4.30    Valid Loss: 3.71 Valid F1: 0.568
num parameters:  686187
Epoch: 3 (0.00s)(0.00s)(5.60s)(0.00s)(31.03s) Train Loss: 3.87    Valid Loss: 3.46 Valid F1: 0.613
960000 0.8
gpu devices:  [0, 1]
feat dim:  (1569960, 200)
label dim:  (1569960, 107)
[5332.17059381 5332.17059289]
change_num:  35298
[array([ 711871, 1252074,  871355, ..., 1237873,  683432,  920332]), array([ 711871, 1252074,  871355, ..., 1440148, 1358960,   64896])]
shared object created
Rank 1/2 process initialized.
Namespace(alpha=0.8, batch_size=2048, buffer_size=960000, cuda='0,1', dataset='amazon', epoch_num=4, global_permutation=True, model='gcn', nhid=512, orders='1,1,1', pool_num=4, samp_num=4096, sampler='subgraph', scale_factor=1, sigmoid_loss=True, test=False)
num batch per epoch:  613
Rank 2/2 process initialized.
num parameters:  686187
Epoch: 0 (0.00s)(0.00s)(1.38s)(0.00s)(10.07s) Train Loss: 8.33    Valid Loss: 6.25 Valid F1: 0.261
Epoch: 1 (0.00s)(0.00s)(1.96s)(0.00s)(21.06s) Train Loss: 5.21    Valid Loss: 4.09 Valid F1: 0.500
Epoch: 2 (0.00s)(0.00s)(2.40s)(0.00s)(32.47s) Train Loss: 3.92    Valid Loss: 3.61 Valid F1: 0.592
num parameters:  686187
Epoch: 3 (0.00s)(0.00s)(3.00s)(0.00s)(42.28s) Train Loss: 3.47    Valid Loss: 3.21 Valid F1: 0.633
960000 0.4
gpu devices:  [0, 1]
feat dim:  (1569960, 200)
label dim:  (1569960, 107)
[24623.05807007 24623.05807014]
change_num:  199488
[array([ 711871, 1252074,  871355, ..., 1237873,  683432,  920332]), array([ 711871, 1252074,  871355, ..., 1440148, 1358960,   64896])]
shared object created
Rank 1/2 process initialized.
Namespace(alpha=0.4, batch_size=2048, buffer_size=960000, cuda='0,1', dataset='amazon', epoch_num=4, global_permutation=True, model='gcn', nhid=512, orders='1,1,1', pool_num=4, samp_num=4096, sampler='subgraph', scale_factor=1, sigmoid_loss=True, test=False)
num batch per epoch:  613
Rank 2/2 process initialized.
num parameters:  686187
Epoch: 0 (0.00s)(0.00s)(1.84s)(0.00s)(9.88s) Train Loss: 8.33    Valid Loss: 6.30 Valid F1: 0.258
Epoch: 1 (0.00s)(0.00s)(3.06s)(0.00s)(15.50s) Train Loss: 5.38    Valid Loss: 4.17 Valid F1: 0.492
Epoch: 2 (0.00s)(0.00s)(3.89s)(0.00s)(21.34s) Train Loss: 4.16    Valid Loss: 3.69 Valid F1: 0.578
num parameters:  686187
Epoch: 3 (0.00s)(0.00s)(4.57s)(0.00s)(26.80s) Train Loss: 3.73    Valid Loss: 3.31 Valid F1: 0.627
960000 0.6
gpu devices:  [0, 1]
feat dim:  (1569960, 200)
label dim:  (1569960, 107)
[11828.06669555 11828.31948132]
change_num:  83747
[array([ 711871, 1252074,  871355, ..., 1237873,  683432,  920332]), array([ 711871, 1252074,  871355, ..., 1440148, 1358960,   64896])]
shared object created
Rank 1/2 process initialized.
Rank 2/2 process initialized.
Namespace(alpha=0.6, batch_size=2048, buffer_size=960000, cuda='0,1', dataset='amazon', epoch_num=4, global_permutation=True, model='gcn', nhid=512, orders='1,1,1', pool_num=4, samp_num=4096, sampler='subgraph', scale_factor=1, sigmoid_loss=True, test=False)
num batch per epoch:  613
num parameters:  686187
Epoch: 0 (0.00s)(0.00s)(2.46s)(0.00s)(9.35s) Train Loss: 8.27    Valid Loss: 6.20 Valid F1: 0.264
Epoch: 1 (0.00s)(0.00s)(3.99s)(0.00s)(18.80s) Train Loss: 5.24    Valid Loss: 4.13 Valid F1: 0.482
Epoch: 2 (0.00s)(0.00s)(6.08s)(0.00s)(25.62s) Train Loss: 4.00    Valid Loss: 3.61 Valid F1: 0.586
num parameters:  686187
Epoch: 3 (0.00s)(0.00s)(8.75s)(0.00s)(33.78s) Train Loss: 3.54    Valid Loss: 3.28 Valid F1: 0.632
1280000 0
gpu devices:  [0, 1]
feat dim:  (1569960, 200)
label dim:  (1569960, 107)
[6201.66048007 6201.66036058]
change_num:  192403
[array([ 711871, 1252074,  871355, ...,  417816, 1306514,  213551]), array([ 711871, 1252074,  871355, ...,  299691,  889670,  548287])]
shared object created
Rank 1/2 process initialized.
Namespace(alpha=0.0, batch_size=2048, buffer_size=1280000, cuda='0,1', dataset='amazon', epoch_num=4, global_permutation=True, model='gcn', nhid=512, orders='1,1,1', pool_num=4, samp_num=4096, sampler='subgraph', scale_factor=1, sigmoid_loss=True, test=False)
num batch per epoch:  613
Rank 2/2 process initialized.
